<?xml version="1.0" encoding="UTF-8"?>
<coverage generated="1507227857864" clover="3.2.0">
  <project timestamp="1507227857864" name="All files">
    <metrics statements="5" coveredstatements="5" conditionals="0" coveredconditionals="0" methods="3" coveredmethods="3" elements="8" coveredelements="8" complexity="0" loc="5" ncloc="5" packages="1" files="1" classes="1">
      <file name="queue.js" path="/Users/katherinehanson/codefellows/401/lab-katherine/15-queue/lab-katherine/model/queue.js">
        <metrics statements="5" coveredstatements="5" conditionals="0" coveredconditionals="0" methods="3" coveredmethods="3"/>
        <line num="3" count="1" type="stmt"/>
        <line num="4" count="2" type="stmt"/>
        <line num="5" count="2" type="stmt"/>
        <line num="7" count="9" type="stmt"/>
        <line num="10" count="11" type="stmt"/>
      </file>
    </metrics>
  </project>
</coverage>
